frame_rcvd_data=83, mem_wr_data=83
frame_rcvd_data=f6, mem_wr_data=f6
frame_rcvd_data=42, mem_wr_data=42
frame_rcvd_data=50, mem_wr_data=50
frame_rcvd_data=b1, mem_wr_data=b1
frame_rcvd_data=85, mem_wr_data=85
frame_rcvd_data=70, mem_wr_data=70
frame_rcvd_data=f, mem_wr_data=f
frame_rcvd_data=80, mem_wr_data=80
frame_rcvd_data=5e, mem_wr_data=5e
frame_rcvd_data=d2, mem_wr_data=d2
frame_rcvd_data=d4, mem_wr_data=d4
frame_rcvd_data=6b, mem_wr_data=6b
frame_rcvd_data=5c, mem_wr_data=5c
frame_rcvd_data=ba, mem_wr_data=ba
frame_rcvd_data=d6, mem_wr_data=d6
frame_rcvd_data=d9, mem_wr_data=d9
frame_rcvd_data=53, mem_wr_data=53
frame_rcvd_data=32, mem_wr_data=32
frame_rcvd_data=c2, mem_wr_data=c2
frame_rcvd_data=f3, mem_wr_data=f3
frame_rcvd_data=f9, mem_wr_data=f9
frame_rcvd_data=e2, mem_wr_data=e2
frame_rcvd_data=3e, mem_wr_data=3e
frame_rcvd_data=2c, mem_wr_data=2c
frame_rcvd_data=9c, mem_wr_data=9c
frame_rcvd_data=4c, mem_wr_data=4c
frame_rcvd_data=dc, mem_wr_data=dc
frame_rcvd_data=ad, mem_wr_data=ad
frame_rcvd_data=c0, mem_wr_data=c0
frame_rcvd_data=5, mem_wr_data=5
frame_rcvd_data=41, mem_wr_data=41
frame_rcvd_data=7a, mem_wr_data=7a
frame_rcvd_data=53, mem_wr_data=53
frame_rcvd_data=b4, mem_wr_data=b4
frame_rcvd_data=51, mem_wr_data=51
frame_rcvd_data=b7, mem_wr_data=b7
frame_rcvd_data=ac, mem_wr_data=ac
frame_rcvd_data=90, mem_wr_data=90
frame_rcvd_data=24, mem_wr_data=24
frame_rcvd_data=c4, mem_wr_data=c4
frame_rcvd_data=5d, mem_wr_data=5d
frame_rcvd_data=fb, mem_wr_data=fb
frame_rcvd_data=6d, mem_wr_data=6d
frame_rcvd_data=30, mem_wr_data=30
frame_rcvd_data=c3, mem_wr_data=c3
frame_rcvd_data=e1, mem_wr_data=e1
frame_rcvd_data=2b, mem_wr_data=2b
frame_rcvd_data=94, mem_wr_data=94
frame_rcvd_data=83, mem_wr_data=83
frame_rcvd_data=29, mem_wr_data=29
frame_rcvd_data=c7, mem_wr_data=c7
frame_rcvd_data=64, mem_wr_data=64
frame_rcvd_data=11, mem_wr_data=11
frame_rcvd_data=dd, mem_wr_data=dd
frame_rcvd_data=83, mem_wr_data=83
frame_rcvd_data=b0, mem_wr_data=b0
frame_rcvd_data=ac, mem_wr_data=ac
frame_rcvd_data=c4, mem_wr_data=c4
frame_rcvd_data=43, mem_wr_data=43
frame_rcvd_data=27, mem_wr_data=27
frame_rcvd_data=59, mem_wr_data=59
frame_rcvd_data=af, mem_wr_data=af
frame_rcvd_data=77, mem_wr_data=77
frame_rcvd_data=83, mem_wr_data=83
frame_rcvd_data=a9, mem_wr_data=a9
frame_rcvd_data=22, mem_wr_data=22
frame_rcvd_data=b, mem_wr_data=b
frame_rcvd_data=5, mem_wr_data=5
frame_rcvd_data=f2, mem_wr_data=f2
frame_rcvd_data=e7, mem_wr_data=e7
frame_rcvd_data=1d, mem_wr_data=1d
frame_rcvd_data=a3, mem_wr_data=a3
frame_rcvd_data=53, mem_wr_data=53
frame_rcvd_data=6a, mem_wr_data=6a
frame_rcvd_data=70, mem_wr_data=70
frame_rcvd_data=5c, mem_wr_data=5c
frame_rcvd_data=b8, mem_wr_data=b8
frame_rcvd_data=59, mem_wr_data=59
frame_rcvd_data=bf, mem_wr_data=bf
frame_rcvd_data=48, mem_wr_data=48
frame_rcvd_data=13, mem_wr_data=13
frame_rcvd_data=35, mem_wr_data=35
frame_rcvd_data=5a, mem_wr_data=5a
frame_rcvd_data=18, mem_wr_data=18
frame_rcvd_data=2f, mem_wr_data=2f
frame_rcvd_data=40, mem_wr_data=40
frame_rcvd_data=4e, mem_wr_data=4e
frame_rcvd_data=b8, mem_wr_data=b8
frame_rcvd_data=65, mem_wr_data=65
frame_rcvd_data=4, mem_wr_data=4
frame_rcvd_data=67, mem_wr_data=67
frame_rcvd_data=1b, mem_wr_data=1b
frame_rcvd_data=3c, mem_wr_data=3c
frame_rcvd_data=ee, mem_wr_data=ee
frame_rcvd_data=8e, mem_wr_data=8e
frame_rcvd_data=ca, mem_wr_data=ca
frame_rcvd_data=90, mem_wr_data=90
frame_rcvd_data=c2, mem_wr_data=c2
frame_rcvd_data=fa, mem_wr_data=fa
frame_rcvd_data=94, mem_wr_data=94
frame_rcvd_data=9a, mem_wr_data=9a
frame_rcvd_data=aa, mem_wr_data=aa
frame_rcvd_data=82, mem_wr_data=82
frame_rcvd_data=d0, mem_wr_data=d0
frame_rcvd_data=80, mem_wr_data=80
frame_rcvd_data=7d, mem_wr_data=7d
frame_rcvd_data=30, mem_wr_data=30
frame_rcvd_data=10, mem_wr_data=10
frame_rcvd_data=ce, mem_wr_data=ce
frame_rcvd_data=df, mem_wr_data=df
frame_rcvd_data=18, mem_wr_data=18
frame_rcvd_data=f6, mem_wr_data=f6
frame_rcvd_data=10, mem_wr_data=10
frame_rcvd_data=72, mem_wr_data=72
frame_rcvd_data=af, mem_wr_data=af
frame_rcvd_data=81, mem_wr_data=81
frame_rcvd_data=1a, mem_wr_data=1a
frame_rcvd_data=36, mem_wr_data=36
frame_rcvd_data=8e, mem_wr_data=8e
frame_rcvd_data=a8, mem_wr_data=a8
frame_rcvd_data=76, mem_wr_data=76
frame_rcvd_data=19, mem_wr_data=19
frame_rcvd_data=26, mem_wr_data=26
frame_rcvd_data=b9, mem_wr_data=b9
frame_rcvd_data=64, mem_wr_data=64
frame_rcvd_data=29, mem_wr_data=29
frame_rcvd_data=38, mem_wr_data=38
frame_rcvd_data=8a, mem_wr_data=8a
frame_rcvd_data=d7, mem_wr_data=d7
frame_rcvd_data=88, mem_wr_data=88
frame_rcvd_data=df, mem_wr_data=df
frame_rcvd_data=7d, mem_wr_data=7d
frame_rcvd_data=fb, mem_wr_data=fb
frame_rcvd_data=e8, mem_wr_data=e8
frame_rcvd_data=cb, mem_wr_data=cb
frame_rcvd_data=f1, mem_wr_data=f1
frame_rcvd_data=e9, mem_wr_data=e9
frame_rcvd_data=3b, mem_wr_data=3b
frame_rcvd_data=e7, mem_wr_data=e7
frame_rcvd_data=80, mem_wr_data=80
frame_rcvd_data=df, mem_wr_data=df
frame_rcvd_data=53, mem_wr_data=53
frame_rcvd_data=a6, mem_wr_data=a6
frame_rcvd_data=f4, mem_wr_data=f4
frame_rcvd_data=dc, mem_wr_data=dc
frame_rcvd_data=9d, mem_wr_data=9d
frame_rcvd_data=38, mem_wr_data=38
frame_rcvd_data=46, mem_wr_data=46
frame_rcvd_data=7d, mem_wr_data=7d
frame_rcvd_data=7a, mem_wr_data=7a
frame_rcvd_data=62, mem_wr_data=62
frame_rcvd_data=73, mem_wr_data=73
frame_rcvd_data=47, mem_wr_data=47
frame_rcvd_data=72, mem_wr_data=72
frame_rcvd_data=2b, mem_wr_data=2b
frame_rcvd_data=67, mem_wr_data=67
frame_rcvd_data=c1, mem_wr_data=c1
frame_rcvd_data=34, mem_wr_data=34
frame_rcvd_data=a9, mem_wr_data=a9
frame_rcvd_data=c5, mem_wr_data=c5
frame_rcvd_data=b7, mem_wr_data=b7
frame_rcvd_data=ac, mem_wr_data=ac
frame_rcvd_data=4d, mem_wr_data=4d
frame_rcvd_data=8c, mem_wr_data=8c
frame_rcvd_data=6d, mem_wr_data=6d
frame_rcvd_data=e3, mem_wr_data=e3
frame_rcvd_data=e8, mem_wr_data=e8
frame_rcvd_data=ec, mem_wr_data=ec
frame_rcvd_data=55, mem_wr_data=55
frame_rcvd_data=6a, mem_wr_data=6a
frame_rcvd_data=ee, mem_wr_data=ee
frame_rcvd_data=8, mem_wr_data=8
frame_rcvd_data=16, mem_wr_data=16
frame_rcvd_data=f6, mem_wr_data=f6
frame_rcvd_data=70, mem_wr_data=70
frame_rcvd_data=4d, mem_wr_data=4d
frame_rcvd_data=10, mem_wr_data=10
frame_rcvd_data=6c, mem_wr_data=6c
frame_rcvd_data=c4, mem_wr_data=c4
frame_rcvd_data=12, mem_wr_data=12
frame_rcvd_data=ac, mem_wr_data=ac
frame_rcvd_data=b7, mem_wr_data=b7
frame_rcvd_data=f0, mem_wr_data=f0
frame_rcvd_data=c8, mem_wr_data=c8
frame_rcvd_data=b1, mem_wr_data=b1
frame_rcvd_data=db, mem_wr_data=db
frame_rcvd_data=eb, mem_wr_data=eb
frame_rcvd_data=b4, mem_wr_data=b4
frame_rcvd_data=af, mem_wr_data=af
frame_rcvd_data=2f, mem_wr_data=2f
frame_rcvd_data=f0, mem_wr_data=f0
frame_rcvd_data=73, mem_wr_data=73
frame_rcvd_data=ce, mem_wr_data=ce
frame_rcvd_data=72, mem_wr_data=72
frame_rcvd_data=2e, mem_wr_data=2e
frame_rcvd_data=ee, mem_wr_data=ee
frame_rcvd_data=75, mem_wr_data=75
frame_rcvd_data=b6, mem_wr_data=b6
frame_rcvd_data=7b, mem_wr_data=7b
frame_rcvd_data=8a, mem_wr_data=8a
frame_rcvd_data=8b, mem_wr_data=8b
frame_rcvd_data=11, mem_wr_data=11
frame_rcvd_data=44, mem_wr_data=44
frame_rcvd_data=e, mem_wr_data=e
frame_rcvd_data=b, mem_wr_data=b
frame_rcvd_data=b6, mem_wr_data=b6
frame_rcvd_data=7f, mem_wr_data=7f
frame_rcvd_data=e5, mem_wr_data=e5
frame_rcvd_data=c9, mem_wr_data=c9
frame_rcvd_data=ce, mem_wr_data=ce
frame_rcvd_data=e4, mem_wr_data=e4
frame_rcvd_data=d1, mem_wr_data=d1
frame_rcvd_data=b, mem_wr_data=b
frame_rcvd_data=7b, mem_wr_data=7b
frame_rcvd_data=21, mem_wr_data=21
frame_rcvd_data=5, mem_wr_data=5
frame_rcvd_data=74, mem_wr_data=74
frame_rcvd_data=b0, mem_wr_data=b0
frame_rcvd_data=3, mem_wr_data=3
frame_rcvd_data=4f, mem_wr_data=4f
frame_rcvd_data=45, mem_wr_data=45
frame_rcvd_data=2a, mem_wr_data=2a
frame_rcvd_data=75, mem_wr_data=75
frame_rcvd_data=4, mem_wr_data=4
frame_rcvd_data=10, mem_wr_data=10
frame_rcvd_data=dd, mem_wr_data=dd
frame_rcvd_data=fc, mem_wr_data=fc
frame_rcvd_data=7c, mem_wr_data=7c
frame_rcvd_data=9a, mem_wr_data=9a
frame_rcvd_data=67, mem_wr_data=67
frame_rcvd_data=ed, mem_wr_data=ed
frame_rcvd_data=d2, mem_wr_data=d2
frame_rcvd_data=8c, mem_wr_data=8c
frame_rcvd_data=a0, mem_wr_data=a0
frame_rcvd_data=e8, mem_wr_data=e8
frame_rcvd_data=3d, mem_wr_data=3d
frame_rcvd_data=7f, mem_wr_data=7f
frame_rcvd_data=23, mem_wr_data=23
frame_rcvd_data=e9, mem_wr_data=e9
frame_rcvd_data=60, mem_wr_data=60
frame_rcvd_data=7b, mem_wr_data=7b
frame_rcvd_data=e7, mem_wr_data=e7
frame_rcvd_data=21, mem_wr_data=21
frame_rcvd_data=3b, mem_wr_data=3b
frame_rcvd_data=18, mem_wr_data=18
frame_rcvd_data=e2, mem_wr_data=e2
frame_rcvd_data=2a, mem_wr_data=2a
frame_rcvd_data=49, mem_wr_data=49
frame_rcvd_data=60, mem_wr_data=60
frame_rcvd_data=2b, mem_wr_data=2b
frame_rcvd_data=d, mem_wr_data=d
frame_rcvd_data=e2, mem_wr_data=e2
frame_rcvd_data=df, mem_wr_data=df
frame_rcvd_data=5, mem_wr_data=5
frame_rcvd_data=d8, mem_wr_data=d8
